2020-03-02 10:25:36.354  INFO 18928 --- [main] com.wg.WeigengApplication                : Starting WeigengApplication on tdw with PID 18928 (E:\wsp\wsp_intellij\weigeng\target\classes started by tandewei in E:\wsp\wsp_intellij\weigeng)
2020-03-02 10:25:36.371  INFO 18928 --- [main] com.wg.WeigengApplication                : No active profile set, falling back to default profiles: default
2020-03-02 10:25:38.165  INFO 18928 --- [main] .s.d.r.c.RepositoryConfigurationDelegate : Bootstrapping Spring Data JPA repositories in DEFAULT mode.
2020-03-02 10:25:38.265  INFO 18928 --- [main] .s.d.r.c.RepositoryConfigurationDelegate : Finished Spring Data repository scanning in 88ms. Found 1 JPA repository interfaces.
2020-03-02 10:25:38.584  INFO 18928 --- [main] trationDelegate$BeanPostProcessorChecker : Bean 'org.springframework.transaction.annotation.ProxyTransactionManagementConfiguration' of type [org.springframework.transaction.annotation.ProxyTransactionManagementConfiguration] is not eligible for getting processed by all BeanPostProcessors (for example: not eligible for auto-proxying)
2020-03-02 10:25:41.588  INFO 18928 --- [main] o.s.b.w.embedded.tomcat.TomcatWebServer  : Tomcat initialized with port(s): 8080 (http)
2020-03-02 10:25:41.603  INFO 18928 --- [main] o.apache.catalina.core.StandardService   : Starting service [Tomcat]
2020-03-02 10:25:41.603  INFO 18928 --- [main] org.apache.catalina.core.StandardEngine  : Starting Servlet engine: [Apache Tomcat/9.0.30]
2020-03-02 10:25:41.929  INFO 18928 --- [main] o.a.c.c.C.[Tomcat].[localhost].[/]       : Initializing Spring embedded WebApplicationContext
2020-03-02 10:25:41.930  INFO 18928 --- [main] o.s.web.context.ContextLoader            : Root WebApplicationContext: initialization completed in 5462 ms
2020-03-02 10:25:42.232  INFO 18928 --- [main] o.hibernate.jpa.internal.util.LogHelper  : HHH000204: Processing PersistenceUnitInfo [name: default]
2020-03-02 10:25:42.343  INFO 18928 --- [main] org.hibernate.Version                    : HHH000412: Hibernate Core {5.4.10.Final}
2020-03-02 10:25:42.629  INFO 18928 --- [main] o.hibernate.annotations.common.Version   : HCANN000001: Hibernate Commons Annotations {5.1.0.Final}
2020-03-02 10:25:42.836  INFO 18928 --- [main] com.zaxxer.hikari.HikariDataSource       : HikariPool-1 - Starting...
2020-03-02 10:25:42.838  WARN 18928 --- [main] com.zaxxer.hikari.util.DriverDataSource  : Registered driver with driverClassName=com.mysql.jdbc.Driver was not found, trying direct instantiation.
2020-03-02 10:25:43.182  INFO 18928 --- [main] com.zaxxer.hikari.HikariDataSource       : HikariPool-1 - Start completed.
2020-03-02 10:25:43.203  INFO 18928 --- [main] org.hibernate.dialect.Dialect            : HHH000400: Using dialect: org.hibernate.dialect.MySQL5Dialect
2020-03-02 10:25:44.181  INFO 18928 --- [main] o.h.e.t.j.p.i.JtaPlatformInitiator       : HHH000490: Using JtaPlatform implementation: [org.hibernate.engine.transaction.jta.platform.internal.NoJtaPlatform]
2020-03-02 10:25:44.192  INFO 18928 --- [main] j.LocalContainerEntityManagerFactoryBean : Initialized JPA EntityManagerFactory for persistence unit 'default'
2020-03-02 10:25:44.554  WARN 18928 --- [main] JpaBaseConfiguration$JpaWebConfiguration : spring.jpa.open-in-view is enabled by default. Therefore, database queries may be performed during view rendering. Explicitly configure spring.jpa.open-in-view to disable this warning
2020-03-02 10:25:44.680  INFO 18928 --- [main] o.s.s.concurrent.ThreadPoolTaskExecutor  : Initializing ExecutorService 'applicationTaskExecutor'
2020-03-02 10:25:44.911  INFO 18928 --- [main] o.s.b.w.embedded.tomcat.TomcatWebServer  : Tomcat started on port(s): 8080 (http) with context path ''
2020-03-02 10:25:44.913  INFO 18928 --- [main] com.wg.WeigengApplication                : Started WeigengApplication in 9.724 seconds (JVM running for 11.657)
2020-03-02 10:25:44.918  INFO 18928 --- [main] com.wg.net.udp.UdpServer                 : 服务启动成功
2020-03-02 10:27:13.325  INFO 18928 --- [http-nio-8080-exec-1] o.a.c.c.C.[Tomcat].[localhost].[/]       : Initializing Spring DispatcherServlet 'dispatcherServlet'
2020-03-02 10:27:13.326  INFO 18928 --- [http-nio-8080-exec-1] o.s.web.servlet.DispatcherServlet        : Initializing Servlet 'dispatcherServlet'
2020-03-02 10:27:13.335  INFO 18928 --- [http-nio-8080-exec-1] o.s.web.servlet.DispatcherServlet        : Completed initialization in 9 ms
2020-03-02 11:43:02.768  INFO 18928 --- [main] com.wg.net.udp.UdpServer                 : 有新channel加入
2020-03-02 11:43:02.775  INFO 18928 --- [main] com.wg.net.udp.UdpServer                 : 接收到client:[ip=192.168.0.63;port=60000]
2020-03-02 11:43:02.801  INFO 18928 --- [main] ConditionEvaluationReportLoggingListener : 

Error starting ApplicationContext. To display the conditions report re-run your application with 'debug' enabled.
2020-03-02 11:43:02.831 ERROR 18928 --- [main] o.s.boot.SpringApplication               : Application run failed

java.lang.IllegalStateException: Failed to execute ApplicationRunner
	at org.springframework.boot.SpringApplication.callRunner(SpringApplication.java:778) [spring-boot-2.2.4.RELEASE.jar:2.2.4.RELEASE]
	at org.springframework.boot.SpringApplication.callRunners(SpringApplication.java:765) [spring-boot-2.2.4.RELEASE.jar:2.2.4.RELEASE]
	at org.springframework.boot.SpringApplication.run(SpringApplication.java:322) [spring-boot-2.2.4.RELEASE.jar:2.2.4.RELEASE]
	at org.springframework.boot.SpringApplication.run(SpringApplication.java:1226) [spring-boot-2.2.4.RELEASE.jar:2.2.4.RELEASE]
	at org.springframework.boot.SpringApplication.run(SpringApplication.java:1215) [spring-boot-2.2.4.RELEASE.jar:2.2.4.RELEASE]
	at com.wg.WeigengApplication.main(WeigengApplication.java:12) [classes/:na]
Caused by: java.lang.ArrayIndexOutOfBoundsException: 21
	at com.wg.dto.WgDataDto.<init>(WgDataDto.java:313) ~[classes/:na]
	at com.wg.WGServerApplication$1.handle(WGServerApplication.java:33) ~[classes/:na]
	at com.wg.net.udp.UdpServer.listen(UdpServer.java:74) ~[classes/:na]
	at com.wg.WGServerApplication.run(WGServerApplication.java:30) ~[classes/:na]
	at org.springframework.boot.SpringApplication.callRunner(SpringApplication.java:775) [spring-boot-2.2.4.RELEASE.jar:2.2.4.RELEASE]
	... 5 common frames omitted

2020-03-02 11:43:02.839  INFO 18928 --- [main] o.s.s.concurrent.ThreadPoolTaskExecutor  : Shutting down ExecutorService 'applicationTaskExecutor'
2020-03-02 11:43:02.840  INFO 18928 --- [main] j.LocalContainerEntityManagerFactoryBean : Closing JPA EntityManagerFactory for persistence unit 'default'
2020-03-02 11:43:02.850  INFO 18928 --- [main] com.zaxxer.hikari.HikariDataSource       : HikariPool-1 - Shutdown initiated...
2020-03-02 11:43:02.856  INFO 18928 --- [main] com.zaxxer.hikari.HikariDataSource       : HikariPool-1 - Shutdown completed.
2020-03-02 15:55:28.107  INFO 23672 --- [main] com.wg.WeigengApplication                : Starting WeigengApplication on tdw with PID 23672 (E:\wsp\wsp_intellij\weigeng\target\classes started by tandewei in E:\wsp\wsp_intellij\weigeng)
2020-03-02 15:55:28.114  INFO 23672 --- [main] com.wg.WeigengApplication                : No active profile set, falling back to default profiles: default
2020-03-02 15:55:29.570  INFO 23672 --- [main] .s.d.r.c.RepositoryConfigurationDelegate : Bootstrapping Spring Data JPA repositories in DEFAULT mode.
2020-03-02 15:55:29.750  INFO 23672 --- [main] .s.d.r.c.RepositoryConfigurationDelegate : Finished Spring Data repository scanning in 156ms. Found 1 JPA repository interfaces.
2020-03-02 15:55:30.642  INFO 23672 --- [main] trationDelegate$BeanPostProcessorChecker : Bean 'org.springframework.transaction.annotation.ProxyTransactionManagementConfiguration' of type [org.springframework.transaction.annotation.ProxyTransactionManagementConfiguration] is not eligible for getting processed by all BeanPostProcessors (for example: not eligible for auto-proxying)
2020-03-02 15:55:34.413  INFO 23672 --- [main] o.s.b.w.embedded.tomcat.TomcatWebServer  : Tomcat initialized with port(s): 8080 (http)
2020-03-02 15:55:34.433  INFO 23672 --- [main] o.apache.catalina.core.StandardService   : Starting service [Tomcat]
2020-03-02 15:55:34.434  INFO 23672 --- [main] org.apache.catalina.core.StandardEngine  : Starting Servlet engine: [Apache Tomcat/9.0.30]
2020-03-02 15:55:34.947  INFO 23672 --- [main] o.a.c.c.C.[Tomcat].[localhost].[/]       : Initializing Spring embedded WebApplicationContext
2020-03-02 15:55:34.948  INFO 23672 --- [main] o.s.web.context.ContextLoader            : Root WebApplicationContext: initialization completed in 6741 ms
2020-03-02 15:55:35.252  INFO 23672 --- [main] o.hibernate.jpa.internal.util.LogHelper  : HHH000204: Processing PersistenceUnitInfo [name: default]
2020-03-02 15:55:35.409  INFO 23672 --- [main] org.hibernate.Version                    : HHH000412: Hibernate Core {5.4.10.Final}
2020-03-02 15:55:35.779  INFO 23672 --- [main] o.hibernate.annotations.common.Version   : HCANN000001: Hibernate Commons Annotations {5.1.0.Final}
2020-03-02 15:55:36.028  INFO 23672 --- [main] com.zaxxer.hikari.HikariDataSource       : HikariPool-1 - Starting...
2020-03-02 15:55:36.030  WARN 23672 --- [main] com.zaxxer.hikari.util.DriverDataSource  : Registered driver with driverClassName=com.mysql.jdbc.Driver was not found, trying direct instantiation.
2020-03-02 15:55:36.321  INFO 23672 --- [main] com.zaxxer.hikari.HikariDataSource       : HikariPool-1 - Start completed.
2020-03-02 15:55:36.342  INFO 23672 --- [main] org.hibernate.dialect.Dialect            : HHH000400: Using dialect: org.hibernate.dialect.MySQL5Dialect
2020-03-02 15:55:37.938  INFO 23672 --- [main] o.h.e.t.j.p.i.JtaPlatformInitiator       : HHH000490: Using JtaPlatform implementation: [org.hibernate.engine.transaction.jta.platform.internal.NoJtaPlatform]
2020-03-02 15:55:37.951  INFO 23672 --- [main] j.LocalContainerEntityManagerFactoryBean : Initialized JPA EntityManagerFactory for persistence unit 'default'
2020-03-02 15:55:38.460  WARN 23672 --- [main] JpaBaseConfiguration$JpaWebConfiguration : spring.jpa.open-in-view is enabled by default. Therefore, database queries may be performed during view rendering. Explicitly configure spring.jpa.open-in-view to disable this warning
2020-03-02 15:55:38.643  INFO 23672 --- [main] o.s.s.concurrent.ThreadPoolTaskExecutor  : Initializing ExecutorService 'applicationTaskExecutor'
2020-03-02 15:55:38.983  INFO 23672 --- [main] o.s.b.w.embedded.tomcat.TomcatWebServer  : Tomcat started on port(s): 8080 (http) with context path ''
2020-03-02 15:55:38.987  INFO 23672 --- [main] com.wg.WeigengApplication                : Started WeigengApplication in 11.944 seconds (JVM running for 13.447)
2020-03-02 15:55:38.994  INFO 23672 --- [Thread-3] com.wg.net.udp.UdpServer                 : 服务启动成功
2020-03-02 15:56:21.827  INFO 23672 --- [Thread-3] com.wg.net.udp.UdpServer                 : 有新channel加入
2020-03-02 15:56:21.828  INFO 23672 --- [Thread-3] com.wg.net.udp.UdpServer                 : 接收到client:[ip=192.168.7.140;port=6018]
2020-03-02 15:56:21.830  INFO 23672 --- [Thread-3] com.wg.WGServerApplication               : [17, 20, 00, 00, 1D, 85, B5, 0D, 04, 00, 00, 00, 01, 00, 01, 01, 0D, D7, 37, 00, 20, 15, 04, 29, 16, 37, 39, 06, 01, 01, 00, 00, 00, 00, 00, 00, 00, 16, 42, 25, 00, 00, 00, 00, 00, 00, 00, 00, 00, 00, 00, 15, 04, 29, 00, 00, 00, 00, 00, 00, 00, 00, 00, 00]
2020-03-02 15:56:21.832  INFO 23672 --- [Thread-3] com.wg.WGServerApplication               : WgDataDto{type=23, deviceNumber='1d85b50d', recordIndex=4, recordType=1, isPass=0, doorNumber=1, inout=1, userNumber='0dd73700', recordDate=Wed Apr 29 16:37:39 CST 2015, reasonCode=6, gateMagnetism1=1, gateMagnetism2=1, gateMagnetism3=0, gateMagnetism4=0, gateButton1=0, gateButton2=0, gateButton3=0, gateButton4=0, gateRelay1=0, gateRelay2=0, gateRelay3=0, gateRelay4=0, hasError=0, date=Wed Apr 29 16:42:25 CST 2015, forceLockDoorAlarm=0, fireAlarm=0}
2020-03-02 15:56:24.015  INFO 23672 --- [Thread-3] com.wg.net.udp.UdpServer                 : 有新channel加入
2020-03-02 15:56:24.016  INFO 23672 --- [Thread-3] com.wg.net.udp.UdpServer                 : 接收到client:[ip=192.168.7.140;port=6018]
2020-03-02 15:56:24.016  INFO 23672 --- [Thread-3] com.wg.WGServerApplication               : [17, 20, 00, 00, 1D, 85, B5, 0D, 04, 00, 00, 00, 01, 00, 01, 01, 0D, D7, 37, 00, 20, 15, 04, 29, 16, 37, 39, 06, 01, 01, 00, 00, 00, 00, 00, 00, 00, 16, 42, 25, 00, 00, 00, 00, 00, 00, 00, 00, 00, 00, 00, 15, 04, 29, 00, 00, 00, 00, 00, 00, 00, 00, 00, 00]
2020-03-02 15:56:24.016  INFO 23672 --- [Thread-3] com.wg.WGServerApplication               : WgDataDto{type=23, deviceNumber='1d85b50d', recordIndex=4, recordType=1, isPass=0, doorNumber=1, inout=1, userNumber='0dd73700', recordDate=Wed Apr 29 16:37:39 CST 2015, reasonCode=6, gateMagnetism1=1, gateMagnetism2=1, gateMagnetism3=0, gateMagnetism4=0, gateButton1=0, gateButton2=0, gateButton3=0, gateButton4=0, gateRelay1=0, gateRelay2=0, gateRelay3=0, gateRelay4=0, hasError=0, date=Wed Apr 29 16:42:25 CST 2015, forceLockDoorAlarm=0, fireAlarm=0}
2020-03-02 15:56:30.021  INFO 23672 --- [Thread-3] com.wg.net.udp.UdpServer                 : 有新channel加入
2020-03-02 15:56:30.021  INFO 23672 --- [Thread-3] com.wg.net.udp.UdpServer                 : 接收到client:[ip=192.168.7.140;port=6018]
2020-03-02 15:56:30.022  INFO 23672 --- [Thread-3] com.wg.WGServerApplication               : [17, 20, 00, 00, 1D, 85, B5, 0D, 04, 00, 00, 00, 01, 00, 01, 01, 0D, D7, 37, 00, 20, 15, 04, 29, 16, 37, 39, 06, 01, 01, 00, 00, 00, 00, 00, 00, 00, 16, 42, 25, 00, 00, 00, 00, 00, 00, 00, 00, 00, 00, 00, 15, 04, 29, 00, 00, 00, 00, 00, 00, 00, 00, 00, 00]
2020-03-02 15:56:30.022  INFO 23672 --- [Thread-3] com.wg.WGServerApplication               : WgDataDto{type=23, deviceNumber='1d85b50d', recordIndex=4, recordType=1, isPass=0, doorNumber=1, inout=1, userNumber='0dd73700', recordDate=Wed Apr 29 16:37:39 CST 2015, reasonCode=6, gateMagnetism1=1, gateMagnetism2=1, gateMagnetism3=0, gateMagnetism4=0, gateButton1=0, gateButton2=0, gateButton3=0, gateButton4=0, gateRelay1=0, gateRelay2=0, gateRelay3=0, gateRelay4=0, hasError=0, date=Wed Apr 29 16:42:25 CST 2015, forceLockDoorAlarm=0, fireAlarm=0}
2020-03-02 15:56:33.913  INFO 23672 --- [Thread-3] com.wg.net.udp.UdpServer                 : 有新channel加入
2020-03-02 15:56:33.913  INFO 23672 --- [Thread-3] com.wg.net.udp.UdpServer                 : 接收到client:[ip=192.168.7.140;port=6018]
2020-03-02 15:56:33.914  INFO 23672 --- [Thread-3] com.wg.WGServerApplication               : [17, 20, 00, 00, 1D, 85, B5, 0D, 04, 00, 00, 00, 01, 00, 01, 01, 0D, D7, 37, 00, 20, 15, 04, 29, 16, 37, 39, 06, 01, 01, 00, 00, 00, 00, 00, 00, 00, 16, 42, 25, 00, 00, 00, 00, 00, 00, 00, 00, 00, 00, 00, 15, 04, 29, 00, 00, 00, 00, 00, 00, 00, 00, 00]
2020-03-02 15:56:33.914  INFO 23672 --- [Thread-3] com.wg.WGServerApplication               : WgDataDto{type=23, deviceNumber='1d85b50d', recordIndex=4, recordType=1, isPass=0, doorNumber=1, inout=1, userNumber='0dd73700', recordDate=Wed Apr 29 16:37:39 CST 2015, reasonCode=6, gateMagnetism1=1, gateMagnetism2=1, gateMagnetism3=0, gateMagnetism4=0, gateButton1=0, gateButton2=0, gateButton3=0, gateButton4=0, gateRelay1=0, gateRelay2=0, gateRelay3=0, gateRelay4=0, hasError=0, date=Wed Apr 29 16:42:25 CST 2015, forceLockDoorAlarm=0, fireAlarm=0}
2020-03-02 15:56:38.931  INFO 23672 --- [Thread-3] com.wg.net.udp.UdpServer                 : 有新channel加入
2020-03-02 15:56:38.931  INFO 23672 --- [Thread-3] com.wg.net.udp.UdpServer                 : 接收到client:[ip=192.168.7.140;port=6018]
2020-03-02 15:56:38.931  INFO 23672 --- [Thread-3] com.wg.WGServerApplication               : [17]
2020-03-02 15:58:31.543  INFO 22396 --- [main] com.wg.WeigengApplication                : Starting WeigengApplication on tdw with PID 22396 (E:\wsp\wsp_intellij\weigeng\target\classes started by tandewei in E:\wsp\wsp_intellij\weigeng)
2020-03-02 15:58:31.549  INFO 22396 --- [main] com.wg.WeigengApplication                : No active profile set, falling back to default profiles: default
2020-03-02 15:58:32.558  INFO 22396 --- [main] .s.d.r.c.RepositoryConfigurationDelegate : Bootstrapping Spring Data JPA repositories in DEFAULT mode.
2020-03-02 15:58:32.663  INFO 22396 --- [main] .s.d.r.c.RepositoryConfigurationDelegate : Finished Spring Data repository scanning in 90ms. Found 1 JPA repository interfaces.
2020-03-02 15:58:33.050  INFO 22396 --- [main] trationDelegate$BeanPostProcessorChecker : Bean 'org.springframework.transaction.annotation.ProxyTransactionManagementConfiguration' of type [org.springframework.transaction.annotation.ProxyTransactionManagementConfiguration] is not eligible for getting processed by all BeanPostProcessors (for example: not eligible for auto-proxying)
2020-03-02 15:58:36.345  INFO 22396 --- [main] o.s.b.w.embedded.tomcat.TomcatWebServer  : Tomcat initialized with port(s): 8080 (http)
2020-03-02 15:58:36.366  INFO 22396 --- [main] o.apache.catalina.core.StandardService   : Starting service [Tomcat]
2020-03-02 15:58:36.366  INFO 22396 --- [main] org.apache.catalina.core.StandardEngine  : Starting Servlet engine: [Apache Tomcat/9.0.30]
2020-03-02 15:58:36.775  INFO 22396 --- [main] o.a.c.c.C.[Tomcat].[localhost].[/]       : Initializing Spring embedded WebApplicationContext
2020-03-02 15:58:36.775  INFO 22396 --- [main] o.s.web.context.ContextLoader            : Root WebApplicationContext: initialization completed in 5104 ms
2020-03-02 15:58:37.089  INFO 22396 --- [main] o.hibernate.jpa.internal.util.LogHelper  : HHH000204: Processing PersistenceUnitInfo [name: default]
2020-03-02 15:58:37.235  INFO 22396 --- [main] org.hibernate.Version                    : HHH000412: Hibernate Core {5.4.10.Final}
2020-03-02 15:58:37.547  INFO 22396 --- [main] o.hibernate.annotations.common.Version   : HCANN000001: Hibernate Commons Annotations {5.1.0.Final}
2020-03-02 15:58:37.847  INFO 22396 --- [main] com.zaxxer.hikari.HikariDataSource       : HikariPool-1 - Starting...
2020-03-02 15:58:37.850  WARN 22396 --- [main] com.zaxxer.hikari.util.DriverDataSource  : Registered driver with driverClassName=com.mysql.jdbc.Driver was not found, trying direct instantiation.
2020-03-02 15:58:38.124  INFO 22396 --- [main] com.zaxxer.hikari.HikariDataSource       : HikariPool-1 - Start completed.
2020-03-02 15:58:38.145  INFO 22396 --- [main] org.hibernate.dialect.Dialect            : HHH000400: Using dialect: org.hibernate.dialect.MySQL5Dialect
2020-03-02 15:58:39.180  INFO 22396 --- [main] o.h.e.t.j.p.i.JtaPlatformInitiator       : HHH000490: Using JtaPlatform implementation: [org.hibernate.engine.transaction.jta.platform.internal.NoJtaPlatform]
2020-03-02 15:58:39.190  INFO 22396 --- [main] j.LocalContainerEntityManagerFactoryBean : Initialized JPA EntityManagerFactory for persistence unit 'default'
2020-03-02 15:58:39.622  WARN 22396 --- [main] JpaBaseConfiguration$JpaWebConfiguration : spring.jpa.open-in-view is enabled by default. Therefore, database queries may be performed during view rendering. Explicitly configure spring.jpa.open-in-view to disable this warning
2020-03-02 15:58:39.774  INFO 22396 --- [main] o.s.s.concurrent.ThreadPoolTaskExecutor  : Initializing ExecutorService 'applicationTaskExecutor'
2020-03-02 15:58:40.050  INFO 22396 --- [main] o.s.b.w.embedded.tomcat.TomcatWebServer  : Tomcat started on port(s): 8080 (http) with context path ''
2020-03-02 15:58:40.052  INFO 22396 --- [main] com.wg.WeigengApplication                : Started WeigengApplication in 9.722 seconds (JVM running for 11.287)
2020-03-02 15:58:40.059  INFO 22396 --- [Thread-3] com.wg.net.udp.UdpServer                 : 服务启动成功
2020-03-02 15:58:49.535  INFO 22396 --- [Thread-3] com.wg.net.udp.UdpServer                 : 有新channel加入
2020-03-02 15:58:49.536  INFO 22396 --- [Thread-3] com.wg.net.udp.UdpServer                 : 接收到client:[ip=192.168.7.140;port=6018]
2020-03-02 15:58:49.538  INFO 22396 --- [Thread-3] com.wg.WGServerApplication               : [17, 20, 00, 00, 1D, 85, B5, 0D, 04, 00, 00, 00, 01, 00, 01, 01, 0D, D7, 37, 00, 20, 15, 04, 29, 16, 37, 39, 06, 01, 01, 00, 00, 00, 00, 00, 00, 00, 16, 42, 25, 00, 00, 00, 00, 00, 00, 00, 00, 00, 00, 00, 15, 04, 29, 00, 00, 00, 00, 00, 00, 00, 00, 00, 00]
2020-03-02 15:58:49.540  INFO 22396 --- [Thread-3] com.wg.WGServerApplication               : WgDataDto{type=23, deviceNumber='1d85b50d', recordIndex=4, recordType=1, isPass=0, doorNumber=1, inout=1, userNumber='0dd73700', recordDate=Wed Apr 29 16:37:39 CST 2015, reasonCode=6, gateMagnetism1=1, gateMagnetism2=1, gateMagnetism3=0, gateMagnetism4=0, gateButton1=0, gateButton2=0, gateButton3=0, gateButton4=0, gateRelay1=0, gateRelay2=0, gateRelay3=0, gateRelay4=0, hasError=0, date=Wed Apr 29 16:42:25 CST 2015, forceLockDoorAlarm=0, fireAlarm=0}
2020-03-02 15:58:54.345  INFO 22396 --- [Thread-3] com.wg.net.udp.UdpServer                 : 有新channel加入
2020-03-02 15:58:54.345  INFO 22396 --- [Thread-3] com.wg.net.udp.UdpServer                 : 接收到client:[ip=192.168.7.140;port=6018]
2020-03-02 15:58:54.345  INFO 22396 --- [Thread-3] com.wg.WGServerApplication               : [17]
2020-03-02 16:00:03.201  INFO 22396 --- [http-nio-8080-exec-1] o.a.c.c.C.[Tomcat].[localhost].[/]       : Initializing Spring DispatcherServlet 'dispatcherServlet'
2020-03-02 16:00:03.201  INFO 22396 --- [http-nio-8080-exec-1] o.s.web.servlet.DispatcherServlet        : Initializing Servlet 'dispatcherServlet'
2020-03-02 16:00:03.218  INFO 22396 --- [http-nio-8080-exec-1] o.s.web.servlet.DispatcherServlet        : Completed initialization in 16 ms
2020-03-02 16:03:59.797  INFO 15684 --- [main] com.wg.WeigengApplication                : Starting WeigengApplication on tdw with PID 15684 (E:\wsp\wsp_intellij\weigeng\target\classes started by tandewei in E:\wsp\wsp_intellij\weigeng)
2020-03-02 16:03:59.804  INFO 15684 --- [main] com.wg.WeigengApplication                : No active profile set, falling back to default profiles: default
2020-03-02 16:04:00.772  INFO 15684 --- [main] .s.d.r.c.RepositoryConfigurationDelegate : Bootstrapping Spring Data JPA repositories in DEFAULT mode.
2020-03-02 16:04:00.986  INFO 15684 --- [main] .s.d.r.c.RepositoryConfigurationDelegate : Finished Spring Data repository scanning in 180ms. Found 1 JPA repository interfaces.
2020-03-02 16:04:01.471  INFO 15684 --- [main] trationDelegate$BeanPostProcessorChecker : Bean 'org.springframework.transaction.annotation.ProxyTransactionManagementConfiguration' of type [org.springframework.transaction.annotation.ProxyTransactionManagementConfiguration] is not eligible for getting processed by all BeanPostProcessors (for example: not eligible for auto-proxying)
2020-03-02 16:04:04.402  INFO 15684 --- [main] o.s.b.w.embedded.tomcat.TomcatWebServer  : Tomcat initialized with port(s): 8080 (http)
2020-03-02 16:04:04.419  INFO 15684 --- [main] o.apache.catalina.core.StandardService   : Starting service [Tomcat]
2020-03-02 16:04:04.420  INFO 15684 --- [main] org.apache.catalina.core.StandardEngine  : Starting Servlet engine: [Apache Tomcat/9.0.30]
2020-03-02 16:04:04.948  INFO 15684 --- [main] o.a.c.c.C.[Tomcat].[localhost].[/]       : Initializing Spring embedded WebApplicationContext
2020-03-02 16:04:04.948  INFO 15684 --- [main] o.s.web.context.ContextLoader            : Root WebApplicationContext: initialization completed in 5070 ms
2020-03-02 16:04:05.310  INFO 15684 --- [main] o.hibernate.jpa.internal.util.LogHelper  : HHH000204: Processing PersistenceUnitInfo [name: default]
2020-03-02 16:04:05.469  INFO 15684 --- [main] org.hibernate.Version                    : HHH000412: Hibernate Core {5.4.10.Final}
2020-03-02 16:04:05.831  INFO 15684 --- [main] o.hibernate.annotations.common.Version   : HCANN000001: Hibernate Commons Annotations {5.1.0.Final}
2020-03-02 16:04:06.171  INFO 15684 --- [main] com.zaxxer.hikari.HikariDataSource       : HikariPool-1 - Starting...
2020-03-02 16:04:06.173  WARN 15684 --- [main] com.zaxxer.hikari.util.DriverDataSource  : Registered driver with driverClassName=com.mysql.jdbc.Driver was not found, trying direct instantiation.
2020-03-02 16:04:06.440  INFO 15684 --- [main] com.zaxxer.hikari.HikariDataSource       : HikariPool-1 - Start completed.
2020-03-02 16:04:06.458  INFO 15684 --- [main] org.hibernate.dialect.Dialect            : HHH000400: Using dialect: org.hibernate.dialect.MySQL5Dialect
2020-03-02 16:04:07.445  INFO 15684 --- [main] o.h.e.t.j.p.i.JtaPlatformInitiator       : HHH000490: Using JtaPlatform implementation: [org.hibernate.engine.transaction.jta.platform.internal.NoJtaPlatform]
2020-03-02 16:04:07.454  INFO 15684 --- [main] j.LocalContainerEntityManagerFactoryBean : Initialized JPA EntityManagerFactory for persistence unit 'default'
2020-03-02 16:04:07.831  WARN 15684 --- [main] JpaBaseConfiguration$JpaWebConfiguration : spring.jpa.open-in-view is enabled by default. Therefore, database queries may be performed during view rendering. Explicitly configure spring.jpa.open-in-view to disable this warning
2020-03-02 16:04:07.974  INFO 15684 --- [main] o.s.s.concurrent.ThreadPoolTaskExecutor  : Initializing ExecutorService 'applicationTaskExecutor'
2020-03-02 16:04:08.249  INFO 15684 --- [main] o.s.b.w.embedded.tomcat.TomcatWebServer  : Tomcat started on port(s): 8080 (http) with context path ''
2020-03-02 16:04:08.254  INFO 15684 --- [main] com.wg.WeigengApplication                : Started WeigengApplication in 9.664 seconds (JVM running for 11.504)
2020-03-02 16:04:08.267  INFO 15684 --- [Thread-3] com.wg.net.udp.UdpServer                 : 服务启动成功
2020-03-02 16:04:13.479  INFO 15684 --- [Thread-3] com.wg.net.udp.UdpServer                 : 有新channel加入
2020-03-02 16:04:20.080  INFO 15684 --- [Thread-3] com.wg.net.udp.UdpServer                 : 接收到client:[ip=192.168.7.140;port=6018]
2020-03-02 16:04:20.082  INFO 15684 --- [Thread-3] com.wg.WGServerApplication               : [17, 20, 00, 00, 1D, 85, B5, 0D, 04, 00, 00, 00, 01, 00, 01, 01, 0D, D7, 37, 00, 20, 15, 04, 29, 16, 37, 39, 06, 01, 01, 00, 00, 00, 00, 00, 00, 00, 16, 42, 25, 00, 00, 00, 00, 00, 00, 00, 00, 00, 00, 00, 15, 04, 29, 00, 00, 00, 00, 00, 00, 00, 00, 00, 00]
2020-03-02 16:04:20.084  INFO 15684 --- [Thread-3] com.wg.WGServerApplication               : WgDataDto{type=23, deviceNumber='1d85b50d', recordIndex=4, recordType=1, isPass=0, doorNumber=1, inout=1, userNumber='0dd73700', recordDate=Wed Apr 29 16:37:39 CST 2015, reasonCode=6, gateMagnetism1=1, gateMagnetism2=1, gateMagnetism3=0, gateMagnetism4=0, gateButton1=0, gateButton2=0, gateButton3=0, gateButton4=0, gateRelay1=0, gateRelay2=0, gateRelay3=0, gateRelay4=0, hasError=0, date=Wed Apr 29 16:42:25 CST 2015, forceLockDoorAlarm=0, fireAlarm=0}
2020-03-02 16:11:35.793  INFO 11756 --- [main] com.wg.WeigengApplication                : Starting WeigengApplication on tdw with PID 11756 (E:\wsp\wsp_intellij\weigeng\target\classes started by tandewei in E:\wsp\wsp_intellij\weigeng)
2020-03-02 16:11:35.798  INFO 11756 --- [main] com.wg.WeigengApplication                : No active profile set, falling back to default profiles: default
2020-03-02 16:11:37.307  INFO 11756 --- [main] .s.d.r.c.RepositoryConfigurationDelegate : Bootstrapping Spring Data JPA repositories in DEFAULT mode.
2020-03-02 16:11:37.502  INFO 11756 --- [main] .s.d.r.c.RepositoryConfigurationDelegate : Finished Spring Data repository scanning in 166ms. Found 1 JPA repository interfaces.
2020-03-02 16:11:38.028  INFO 11756 --- [main] trationDelegate$BeanPostProcessorChecker : Bean 'org.springframework.transaction.annotation.ProxyTransactionManagementConfiguration' of type [org.springframework.transaction.annotation.ProxyTransactionManagementConfiguration] is not eligible for getting processed by all BeanPostProcessors (for example: not eligible for auto-proxying)
2020-03-02 16:11:41.063  INFO 11756 --- [main] o.s.b.w.embedded.tomcat.TomcatWebServer  : Tomcat initialized with port(s): 8080 (http)
2020-03-02 16:11:41.190  INFO 11756 --- [main] o.apache.catalina.core.StandardService   : Starting service [Tomcat]
2020-03-02 16:11:41.192  INFO 11756 --- [main] org.apache.catalina.core.StandardEngine  : Starting Servlet engine: [Apache Tomcat/9.0.30]
2020-03-02 16:11:41.677  INFO 11756 --- [main] o.a.c.c.C.[Tomcat].[localhost].[/]       : Initializing Spring embedded WebApplicationContext
2020-03-02 16:11:41.677  INFO 11756 --- [main] o.s.web.context.ContextLoader            : Root WebApplicationContext: initialization completed in 5686 ms
2020-03-02 16:11:41.875  INFO 11756 --- [main] o.hibernate.jpa.internal.util.LogHelper  : HHH000204: Processing PersistenceUnitInfo [name: default]
2020-03-02 16:11:41.984  INFO 11756 --- [main] org.hibernate.Version                    : HHH000412: Hibernate Core {5.4.10.Final}
2020-03-02 16:11:42.216  INFO 11756 --- [main] o.hibernate.annotations.common.Version   : HCANN000001: Hibernate Commons Annotations {5.1.0.Final}
2020-03-02 16:11:42.373  INFO 11756 --- [main] com.zaxxer.hikari.HikariDataSource       : HikariPool-1 - Starting...
2020-03-02 16:11:42.374  WARN 11756 --- [main] com.zaxxer.hikari.util.DriverDataSource  : Registered driver with driverClassName=com.mysql.jdbc.Driver was not found, trying direct instantiation.
2020-03-02 16:11:42.616  INFO 11756 --- [main] com.zaxxer.hikari.HikariDataSource       : HikariPool-1 - Start completed.
2020-03-02 16:11:42.634  INFO 11756 --- [main] org.hibernate.dialect.Dialect            : HHH000400: Using dialect: org.hibernate.dialect.MySQL5Dialect
2020-03-02 16:11:43.874  INFO 11756 --- [main] o.h.e.t.j.p.i.JtaPlatformInitiator       : HHH000490: Using JtaPlatform implementation: [org.hibernate.engine.transaction.jta.platform.internal.NoJtaPlatform]
2020-03-02 16:11:43.888  INFO 11756 --- [main] j.LocalContainerEntityManagerFactoryBean : Initialized JPA EntityManagerFactory for persistence unit 'default'
2020-03-02 16:11:44.438  WARN 11756 --- [main] JpaBaseConfiguration$JpaWebConfiguration : spring.jpa.open-in-view is enabled by default. Therefore, database queries may be performed during view rendering. Explicitly configure spring.jpa.open-in-view to disable this warning
2020-03-02 16:11:44.610  INFO 11756 --- [main] o.s.s.concurrent.ThreadPoolTaskExecutor  : Initializing ExecutorService 'applicationTaskExecutor'
2020-03-02 16:11:44.873  INFO 11756 --- [main] o.s.b.w.embedded.tomcat.TomcatWebServer  : Tomcat started on port(s): 8080 (http) with context path ''
2020-03-02 16:11:44.875  INFO 11756 --- [main] com.wg.WeigengApplication                : Started WeigengApplication in 10.181 seconds (JVM running for 11.82)
2020-03-02 16:11:44.887  INFO 11756 --- [Thread-3] com.wg.net.udp.UdpServer                 : 服务启动成功
2020-03-02 16:11:55.332  INFO 11756 --- [Thread-3] com.wg.net.udp.UdpServer                 : 有新channel加入
2020-03-02 16:11:57.019  INFO 11756 --- [Thread-3] com.wg.net.udp.UdpServer                 : 接收到client:[ip=192.168.7.140;port=6018]
2020-03-02 16:11:57.024  INFO 11756 --- [Thread-3] com.wg.WGServerApplication               : [17, 20, 00, 00, 1D, 85, B5, 0D, 04, 00, 00, 00, 01, 00, 01, 01, 0D, D7, 37, 00, 20, 15, 04, 29, 16, 37, 39, 06, 01, 01, 00, 00, 00, 00, 00, 00, 00, 16, 42, 25, 00, 00, 00, 00, 00, 00, 00, 00, 00, 00, 00, 15, 04, 29, 00, 00, 00, 00, 00, 00, 00, 00, 00, 00]
2020-03-02 16:11:57.027  INFO 11756 --- [Thread-3] com.wg.WGServerApplication               : WgDataDto{type=23, deviceNumber='1d85b50d', recordIndex=4, recordType=1, isPass=0, doorNumber=1, inout=1, userNumber='0dd73700', recordDate=Wed Apr 29 16:37:39 CST 2015, reasonCode=6, gateMagnetism1=1, gateMagnetism2=1, gateMagnetism3=0, gateMagnetism4=0, gateButton1=0, gateButton2=0, gateButton3=0, gateButton4=0, gateRelay1=0, gateRelay2=0, gateRelay3=0, gateRelay4=0, hasError=0, date=Wed Apr 29 16:42:25 CST 2015, forceLockDoorAlarm=0, fireAlarm=0}
2020-03-02 16:12:03.967  INFO 11756 --- [Thread-3] com.wg.net.udp.UdpServer                 : 有新channel加入
2020-03-02 16:12:05.234  INFO 11756 --- [Thread-3] com.wg.net.udp.UdpServer                 : 接收到client:[ip=192.168.7.140;port=6018]
2020-03-02 16:12:05.235  INFO 11756 --- [Thread-3] com.wg.WGServerApplication               : [17, 20, 00, 00, 1D, 85, B5, 0D, 04, 00, 00, 00, 01, 00, 01, 01, 0D, D7, 37, 00, 20, 15, 04, 29, 16, 37, 39, 06, 01, 01, 00, 00, 00, 00, 00, 00, 00, 16, 42, 25, 00, 00, 00, 00, 00, 00, 00, 00, 00, 00, 00, 15, 04, 29, 00, 00, 00, 00, 00, 00, 00, 00, 00, 00]
2020-03-02 16:12:05.236  INFO 11756 --- [Thread-3] com.wg.WGServerApplication               : WgDataDto{type=23, deviceNumber='1d85b50d', recordIndex=4, recordType=1, isPass=0, doorNumber=1, inout=1, userNumber='0dd73700', recordDate=Wed Apr 29 16:37:39 CST 2015, reasonCode=6, gateMagnetism1=1, gateMagnetism2=1, gateMagnetism3=0, gateMagnetism4=0, gateButton1=0, gateButton2=0, gateButton3=0, gateButton4=0, gateRelay1=0, gateRelay2=0, gateRelay3=0, gateRelay4=0, hasError=0, date=Wed Apr 29 16:42:25 CST 2015, forceLockDoorAlarm=0, fireAlarm=0}
2020-03-02 16:12:10.274  INFO 11756 --- [Thread-3] com.wg.net.udp.UdpServer                 : 有新channel加入
2020-03-02 16:12:10.274  INFO 11756 --- [Thread-3] com.wg.net.udp.UdpServer                 : 接收到client:[ip=192.168.0.63;port=60000]
2020-03-02 16:12:10.275  INFO 11756 --- [Thread-3] com.wg.WGServerApplication               : [00, 00, 42, 49, 00, 00, 00, 00, 00, 00, 00, 00, 00, C0, A8, 00, 3F, 60, EA, 02, 00]
2020-03-02 16:12:10.275 ERROR 11756 --- [Thread-3] com.wg.net.udp.UdpServer                 : 21
2020-03-02 16:12:12.159  INFO 11756 --- [Thread-3] com.wg.net.udp.UdpServer                 : 有新channel加入
2020-03-02 16:12:12.159  INFO 11756 --- [Thread-3] com.wg.net.udp.UdpServer                 : 接收到client:[ip=192.168.7.140;port=6018]
2020-03-02 16:12:12.159  INFO 11756 --- [Thread-3] com.wg.WGServerApplication               : [17, 20]
2020-03-02 16:12:12.160 ERROR 11756 --- [Thread-3] com.wg.net.udp.UdpServer                 : null
2020-03-02 16:12:23.692  INFO 11756 --- [Thread-3] com.wg.net.udp.UdpServer                 : 有新channel加入
2020-03-02 16:12:23.693  INFO 11756 --- [Thread-3] com.wg.net.udp.UdpServer                 : 接收到client:[ip=192.168.7.140;port=6018]
2020-03-02 16:12:23.693  INFO 11756 --- [Thread-3] com.wg.WGServerApplication               : [17, 20]
2020-03-02 16:12:23.693 ERROR 11756 --- [Thread-3] com.wg.net.udp.UdpServer                 : null
2020-03-02 16:12:43.637  INFO 11756 --- [Thread-3] com.wg.net.udp.UdpServer                 : 有新channel加入
2020-03-02 16:12:43.637  INFO 11756 --- [Thread-3] com.wg.net.udp.UdpServer                 : 接收到client:[ip=192.168.7.140;port=6018]
2020-03-02 16:12:43.637  INFO 11756 --- [Thread-3] com.wg.WGServerApplication               : [17, 20]
2020-03-02 16:12:43.638 ERROR 11756 --- [Thread-3] com.wg.net.udp.UdpServer                 : null
2020-03-02 16:13:36.478  INFO 24908 --- [main] com.wg.WeigengApplication                : Starting WeigengApplication on tdw with PID 24908 (E:\wsp\wsp_intellij\weigeng\target\classes started by tandewei in E:\wsp\wsp_intellij\weigeng)
2020-03-02 16:13:36.485  INFO 24908 --- [main] com.wg.WeigengApplication                : No active profile set, falling back to default profiles: default
2020-03-02 16:13:37.456  INFO 24908 --- [main] .s.d.r.c.RepositoryConfigurationDelegate : Bootstrapping Spring Data JPA repositories in DEFAULT mode.
2020-03-02 16:13:37.556  INFO 24908 --- [main] .s.d.r.c.RepositoryConfigurationDelegate : Finished Spring Data repository scanning in 86ms. Found 1 JPA repository interfaces.
2020-03-02 16:13:37.944  INFO 24908 --- [main] trationDelegate$BeanPostProcessorChecker : Bean 'org.springframework.transaction.annotation.ProxyTransactionManagementConfiguration' of type [org.springframework.transaction.annotation.ProxyTransactionManagementConfiguration] is not eligible for getting processed by all BeanPostProcessors (for example: not eligible for auto-proxying)
2020-03-02 16:13:41.273  INFO 24908 --- [main] o.s.b.w.embedded.tomcat.TomcatWebServer  : Tomcat initialized with port(s): 8080 (http)
2020-03-02 16:13:41.326  INFO 24908 --- [main] o.apache.catalina.core.StandardService   : Starting service [Tomcat]
2020-03-02 16:13:41.332  INFO 24908 --- [main] org.apache.catalina.core.StandardEngine  : Starting Servlet engine: [Apache Tomcat/9.0.30]
2020-03-02 16:13:41.932  INFO 24908 --- [main] o.a.c.c.C.[Tomcat].[localhost].[/]       : Initializing Spring embedded WebApplicationContext
2020-03-02 16:13:41.933  INFO 24908 --- [main] o.s.web.context.ContextLoader            : Root WebApplicationContext: initialization completed in 5377 ms
2020-03-02 16:13:42.276  INFO 24908 --- [main] o.hibernate.jpa.internal.util.LogHelper  : HHH000204: Processing PersistenceUnitInfo [name: default]
2020-03-02 16:13:42.456  INFO 24908 --- [main] org.hibernate.Version                    : HHH000412: Hibernate Core {5.4.10.Final}
2020-03-02 16:13:42.720  INFO 24908 --- [main] o.hibernate.annotations.common.Version   : HCANN000001: Hibernate Commons Annotations {5.1.0.Final}
2020-03-02 16:13:42.905  INFO 24908 --- [main] com.zaxxer.hikari.HikariDataSource       : HikariPool-1 - Starting...
2020-03-02 16:13:42.906  WARN 24908 --- [main] com.zaxxer.hikari.util.DriverDataSource  : Registered driver with driverClassName=com.mysql.jdbc.Driver was not found, trying direct instantiation.
2020-03-02 16:13:43.158  INFO 24908 --- [main] com.zaxxer.hikari.HikariDataSource       : HikariPool-1 - Start completed.
2020-03-02 16:13:43.179  INFO 24908 --- [main] org.hibernate.dialect.Dialect            : HHH000400: Using dialect: org.hibernate.dialect.MySQL5Dialect
2020-03-02 16:13:44.242  INFO 24908 --- [main] o.h.e.t.j.p.i.JtaPlatformInitiator       : HHH000490: Using JtaPlatform implementation: [org.hibernate.engine.transaction.jta.platform.internal.NoJtaPlatform]
2020-03-02 16:13:44.252  INFO 24908 --- [main] j.LocalContainerEntityManagerFactoryBean : Initialized JPA EntityManagerFactory for persistence unit 'default'
2020-03-02 16:13:44.665  WARN 24908 --- [main] JpaBaseConfiguration$JpaWebConfiguration : spring.jpa.open-in-view is enabled by default. Therefore, database queries may be performed during view rendering. Explicitly configure spring.jpa.open-in-view to disable this warning
2020-03-02 16:13:44.844  INFO 24908 --- [main] o.s.s.concurrent.ThreadPoolTaskExecutor  : Initializing ExecutorService 'applicationTaskExecutor'
2020-03-02 16:13:45.121  INFO 24908 --- [main] o.s.b.w.embedded.tomcat.TomcatWebServer  : Tomcat started on port(s): 8080 (http) with context path ''
2020-03-02 16:13:45.124  INFO 24908 --- [main] com.wg.WeigengApplication                : Started WeigengApplication in 9.815 seconds (JVM running for 11.802)
2020-03-02 16:13:45.128  INFO 24908 --- [Thread-3] com.wg.net.udp.UdpServer                 : 服务启动成功
2020-03-02 16:13:47.464  INFO 24908 --- [Thread-3] com.wg.net.udp.UdpServer                 : 有新channel加入
2020-03-02 16:13:47.465  INFO 24908 --- [Thread-3] com.wg.net.udp.UdpServer                 : 接收到client:[ip=192.168.7.140;port=6018]
2020-03-02 16:13:47.466  INFO 24908 --- [Thread-3] com.wg.WGServerApplication               : [17, 20]
2020-03-02 16:13:47.467 ERROR 24908 --- [Thread-3] com.wg.net.udp.UdpServer                 : null
2020-03-02 16:13:50.812  INFO 24908 --- [Thread-3] com.wg.net.udp.UdpServer                 : 有新channel加入
2020-03-02 16:13:50.813  INFO 24908 --- [Thread-3] com.wg.net.udp.UdpServer                 : 接收到client:[ip=192.168.7.140;port=6018]
2020-03-02 16:13:50.813  INFO 24908 --- [Thread-3] com.wg.WGServerApplication               : [17, 20]
2020-03-02 16:13:50.813 ERROR 24908 --- [Thread-3] com.wg.net.udp.UdpServer                 : null
2020-03-02 16:14:04.040  INFO 24908 --- [Thread-3] com.wg.net.udp.UdpServer                 : 有新channel加入
2020-03-02 16:14:04.041  INFO 24908 --- [Thread-3] com.wg.net.udp.UdpServer                 : 接收到client:[ip=192.168.7.140;port=6018]
2020-03-02 16:14:04.041  INFO 24908 --- [Thread-3] com.wg.WGServerApplication               : [17, 20]
2020-03-02 16:14:17.485 ERROR 24908 --- [Thread-3] com.wg.net.udp.UdpServer                 : null
